{"$message_type":"diagnostic","message":"linking with `cc` failed: exit status: 1","code":null,"level":"error","spans":[],"children":[{"message":" \"cc\" \"-Wl,--version-script=/tmp/rustc0Z1tez/list\" \"-Wl,--no-undefined-version\" \"-m64\" \"/tmp/rustc0Z1tez/symbols.o\" \"<16 object files omitted>\" \"/tmp/rustc0Z1tez/rmeta.o\" \"<1 object files omitted>\" \"-Wl,--as-needed\" \"-Wl,-Bstatic\" \"/home/arbaiter/Documents/Arbeit/2025/API-Greenex/graficos-backend/target/debug/deps/{libsyn-3bd350161d424cfc.rlib,libquote-a34ddcbbdf53a82d.rlib,libproc_macro2-a23dcd9b1ed25425.rlib,libunicode_ident-eadc613e75d0ee1e.rlib}.rlib\" \"<sysroot>/lib/rustlib/x86_64-unknown-linux-gnu/lib/{libproc_macro-*,librustc_literal_escaper-*,librustc_std_workspace_std-*,libstd-*,libpanic_unwind-*,libobject-*,libmemchr-*,libaddr2line-*,libgimli-*,librustc_demangle-*,libstd_detect-*,libhashbrown-*,librustc_std_workspace_alloc-*,libminiz_oxide-*,libadler2-*,libunwind-*,libcfg_if-*,liblibc-*,librustc_std_workspace_core-*,liballoc-*,libcore-*,libcompiler_builtins-*}.rlib\" \"-Wl,-Bdynamic\" \"-lgcc_s\" \"-lutil\" \"-lrt\" \"-lpthread\" \"-lm\" \"-ldl\" \"-lc\" \"-L\" \"/tmp/rustc0Z1tez/raw-dylibs\" \"-Wl,--eh-frame-hdr\" \"-Wl,-z,noexecstack\" \"-L\" \"<sysroot>/lib/rustlib/x86_64-unknown-linux-gnu/lib\" \"-o\" \"/home/arbaiter/Documents/Arbeit/2025/API-Greenex/graficos-backend/target/debug/deps/libserde_derive-807a7024a86b6814.so\" \"-Wl,--gc-sections\" \"-shared\" \"-Wl,-z,relro,-z,now\" \"-nodefaultlibs\"","code":null,"level":"note","spans":[],"children":[],"rendered":null},{"message":"some arguments are omitted. use `--verbose` to show all linker arguments","code":null,"level":"note","spans":[],"children":[],"rendered":null},{"message":"/usr/bin/ld: cannot find /home/arbaiter/Documents/Arbeit/2025/API-Greenex/graficos-backend/target/debug/deps/libunicode_ident-eadc613e75d0ee1e.rlib: No such file or directory\ncollect2: error: ld returned 1 exit status\n","code":null,"level":"note","spans":[],"children":[],"rendered":null}],"rendered":"\u001b[0m\u001b[1m\u001b[38;5;9merror\u001b[0m\u001b[0m\u001b[1m: linking with `cc` failed: exit status: 1\u001b[0m\n\u001b[0m  \u001b[0m\u001b[0m\u001b[1m\u001b[38;5;12m|\u001b[0m\n\u001b[0m  \u001b[0m\u001b[0m\u001b[1m\u001b[38;5;12m= \u001b[0m\u001b[0m\u001b[1mnote\u001b[0m\u001b[0m:  \"cc\" \"-Wl,--version-script=/tmp/rustc0Z1tez/list\" \"-Wl,--no-undefined-version\" \"-m64\" \"/tmp/rustc0Z1tez/symbols.o\" \"<16 object files omitted>\" \"/tmp/rustc0Z1tez/rmeta.o\" \"<1 object files omitted>\" \"-Wl,--as-needed\" \"-Wl,-Bstatic\" \"/home/arbaiter/Documents/Arbeit/2025/API-Greenex/graficos-backend/target/debug/deps/{libsyn-3bd350161d424cfc.rlib,libquote-a34ddcbbdf53a82d.rlib,libproc_macro2-a23dcd9b1ed25425.rlib,libunicode_ident-eadc613e75d0ee1e.rlib}.rlib\" \"<sysroot>/lib/rustlib/x86_64-unknown-linux-gnu/lib/{libproc_macro-*,librustc_literal_escaper-*,librustc_std_workspace_std-*,libstd-*,libpanic_unwind-*,libobject-*,libmemchr-*,libaddr2line-*,libgimli-*,librustc_demangle-*,libstd_detect-*,libhashbrown-*,librustc_std_workspace_alloc-*,libminiz_oxide-*,libadler2-*,libunwind-*,libcfg_if-*,liblibc-*,librustc_std_workspace_core-*,liballoc-*,libcore-*,libcompiler_builtins-*}.rlib\" \"-Wl,-Bdynamic\" \"-lgcc_s\" \"-lutil\" \"-lrt\" \"-lpthread\" \"-lm\" \"-ldl\" \"-lc\" \"-L\" \"/tmp/rustc0Z1tez/raw-dylibs\" \"-Wl,--eh-frame-hdr\" \"-Wl,-z,noexecstack\" \"-L\" \"<sysroot>/lib/rustlib/x86_64-unknown-linux-gnu/lib\" \"-o\" \"/home/arbaiter/Documents/Arbeit/2025/API-Greenex/graficos-backend/target/debug/deps/libserde_derive-807a7024a86b6814.so\" \"-Wl,--gc-sections\" \"-shared\" \"-Wl,-z,relro,-z,now\" \"-nodefaultlibs\"\u001b[0m\n\u001b[0m  \u001b[0m\u001b[0m\u001b[1m\u001b[38;5;12m= \u001b[0m\u001b[0m\u001b[1mnote\u001b[0m\u001b[0m: some arguments are omitted. use `--verbose` to show all linker arguments\u001b[0m\n\u001b[0m  \u001b[0m\u001b[0m\u001b[1m\u001b[38;5;12m= \u001b[0m\u001b[0m\u001b[1mnote\u001b[0m\u001b[0m: /usr/bin/ld: cannot find /home/arbaiter/Documents/Arbeit/2025/API-Greenex/graficos-backend/target/debug/deps/libunicode_ident-eadc613e75d0ee1e.rlib: No such file or directory\u001b[0m\n\u001b[0m          collect2: error: ld returned 1 exit status\u001b[0m\n\u001b[0m          \u001b[0m\n\n"}
{"$message_type":"diagnostic","message":"aborting due to 1 previous error","code":null,"level":"error","spans":[],"children":[],"rendered":"\u001b[0m\u001b[1m\u001b[38;5;9merror\u001b[0m\u001b[0m\u001b[1m: aborting due to 1 previous error\u001b[0m\n\n"}
